
用法： perl CPKing_KFC.pl [需求表。沒提供的話直接用req.txt]
例子1：perl CPKing_KFC.pl
例子2：perl CPKing_KFC.pl req.txt
例子3：perl CPKing_KFC.pl req_8_3.txt

日期時間：Fri Mar  9 17:00:24 2018
價格資料表版本：201803090

需求清單: (需求表檔名：req.txt)
-------------------------
2*咔啦脆雞(中辣) (單價:$49)
2*原味蛋撻 (單價:$30)
-------------------------
單點總價: $158


不是經由KFC點餐車道



#1 總價: $108 -> 咔啦脆雞(中辣)*2、原味蛋撻*2、百事可樂(小)*1
[18041]*1 台灣中油公司開春如意108獨享餐 $108 -> 咔啦脆雞(中辣)*2、原味蛋撻*2、百事可樂(小)*1
☆便宜$50(+27=77)，還多了：百事可樂(小)*1

#2 總價: $130 -> 咔啦脆雞(中辣)*2、原味蛋撻*2、冰紅茶(小)*1
[17397]*1 新春開運獨享餐(選脆雞) $100 -> 咔啦脆雞(中辣)*2、原味蛋撻*1、冰紅茶(小)*1
[單點]*1 原味蛋撻 $30 -> 原味蛋撻*1
☆便宜$28(+27=55)，還多了：冰紅茶(小)*1

#3 總價: $135 -> 咔啦脆雞(中辣)*2、原味蛋撻*2、香酥脆薯(小)*1、冰無糖茉莉綠茶(小)*1
[40043]*1 KFC優惠券 $105 -> 咔啦脆雞(中辣)*2、原味蛋撻*1、香酥脆薯(小)*1、冰無糖茉莉綠茶(小)*1
[單點]*1 原味蛋撻 $30 -> 原味蛋撻*1
☆便宜$23(+54=77)，還多了：香酥脆薯(小)*1、冰無糖茉莉綠茶(小)*1

#4 總價: $137 -> 咔啦脆雞(中辣)*2、原味蛋撻*2、上校雞塊*2、冰紅茶(小)*1
[18039]*1 hks好康多好康大FUN送 $107 -> 咔啦脆雞(中辣)*2、原味蛋撻*1、上校雞塊*2、冰紅茶(小)*1
[單點]*1 原味蛋撻 $30 -> 原味蛋撻*1
☆便宜$21(+51=72)，還多了：上校雞塊*2、冰紅茶(小)*1

#5 總價: $138 -> 咔啦脆雞(中辣)*2、原味蛋撻*2、香酥脆薯(小)*1、冰紅茶(小)*1
[18017]*1 普獎專區 $108 -> 咔啦脆雞(中辣)*2、原味蛋撻*1、香酥脆薯(小)*1、冰紅茶(小)*1
[單點]*1 原味蛋撻 $30 -> 原味蛋撻*1
☆便宜$20(+54=74)，還多了：香酥脆薯(小)*1、冰紅茶(小)*1

#6 總價: $149 -> 咔啦脆雞(中辣)*2、原味蛋撻*2、百事可樂(小)*1
[50024]*1 KFC優惠券 $89 -> 咔啦脆雞(中辣)*2、百事可樂(小)*1
[單點]*2 原味蛋撻 $30 -> 原味蛋撻*1
☆便宜$9(+27=36)，還多了：百事可樂(小)*1

#7 總價: $154 -> 咔啦脆雞(中辣)*2、原味蛋撻*2、百事可樂(小)*1、熱義式咖啡(大)*1
[50024]*1 KFC優惠券 $89 -> 咔啦脆雞(中辣)*2、百事可樂(小)*1
[E1-2]*1 KFC優惠券 $65 -> 原味蛋撻*2、熱義式咖啡(大)*1
☆便宜$4(+72=76)，還多了：百事可樂(小)*1、熱義式咖啡(大)*1

#8 總價: $154 -> 咔啦脆雞(中辣)*2、原味蛋撻*2、勁爆雞米花(小)*1、百事可樂(小)*1
[40052]*1 KFC優惠券 $124 -> 咔啦脆雞(中辣)*2、原味蛋撻*1、勁爆雞米花(小)*1、百事可樂(小)*1
[單點]*1 原味蛋撻 $30 -> 原味蛋撻*1
☆便宜$4(+66=70)，還多了：勁爆雞米花(小)*1、百事可樂(小)*1

#9 總價: $155 -> 咔啦脆雞(中辣)*2、原味蛋撻*2、香酥脆薯(小)*1、百事可樂(小)*1、冰紅茶(小)*1
[套餐]*1 蛋撻點心盒餐 $55 -> 原味蛋撻*1、香酥脆薯(小)*1、百事可樂(小)*1
[17397]*1 新春開運獨享餐(選脆雞) $100 -> 咔啦脆雞(中辣)*2、原味蛋撻*1、冰紅茶(小)*1
☆便宜$3(+81=84)，還多了：香酥脆薯(小)*1、百事可樂(小)*1、冰紅茶(小)*1

#10 總價: $155 -> 咔啦脆雞(中辣)*2、原味蛋撻*2、川香椒麻烤翅(對)*1、冰紅茶(小)*1
[18032]*1 東森旅遊優惠 $125 -> 咔啦脆雞(中辣)*2、原味蛋撻*1、川香椒麻烤翅(對)*1、冰紅茶(小)*1
[單點]*1 原味蛋撻 $30 -> 原味蛋撻*1
☆便宜$3(+66=69)，還多了：川香椒麻烤翅(對)*1、冰紅茶(小)*1

..為了加速，只看最便宜的 10 組，其他 1 組省略

計算時間1秒
已產生優惠券內容：kfc_coupon.txt
已產生結果網頁：output.html
