
用法： perl CPKing_KFC.pl [需求表。沒提供的話直接用req.txt]
例子1：perl CPKing_KFC.pl
例子2：perl CPKing_KFC.pl req.txt
例子3：perl CPKing_KFC.pl req_8_3.txt

日期時間：Sun Feb  4 07:24:54 2018
價格資料表版本：201802030

需求清單: (需求表檔名：req_40043.txt)
-------------------------
2*咔啦脆雞(中辣) (單價:$49)
1*原味蛋撻 (單價:$30)
1*香酥脆薯(小) (單價:$27)
1*冰無糖茉莉綠茶(小) (單價:$27)
-------------------------
單點總價: $182


合併後需求清單:
-------------------------
1*原味蛋撻
1*香酥脆薯(小)
2*合併炸烤雞
1*合併冷飲
-------------------------
請注意！可能依不同分店或不同優惠券而有不同結果！不一定可互換成功！
合併炸烤雞：咔啦脆雞(中辣)_或_上校薄脆雞_或_美式BBQ醬烤煙燻雞_或_醬香酸甜風味炸雞
合併冷飲：百事可樂_或_冰紅茶_或_冰無糖茉莉綠茶



#1 總價: $105 -> 原味蛋撻*1、香酥脆薯(小)*1、合併炸烤雞*2、合併冷飲*1
[40043]*1 KFC優惠券 $105 -> 咔啦脆雞(中辣)*2、原味蛋撻*1、香酥脆薯(小)*1、冰無糖茉莉綠茶(小)*1
☆便宜$77

#2 總價: $115 -> 原味蛋撻*1、香酥脆薯(小)*1、合併炸烤雞*2、合併冷飲*2
[C5]*1 KFC點餐車道VIP加購小可1份(每車限優惠1次) $10 -> 百事可樂(小)*1
[40043]*1 KFC優惠券 $105 -> 咔啦脆雞(中辣)*2、原味蛋撻*1、香酥脆薯(小)*1、冰無糖茉莉綠茶(小)*1
☆便宜$67(+27=94)，還多了：合併冷飲*1

#3 總價: $115 -> 原味蛋撻*1、香酥脆薯(小)*2、合併炸烤雞*2、合併冷飲*1
[C4]*1 KFC點餐車道VIP加購小薯1份(每車限優惠1次) $10 -> 香酥脆薯(小)*1
[40043]*1 KFC優惠券 $105 -> 咔啦脆雞(中辣)*2、原味蛋撻*1、香酥脆薯(小)*1、冰無糖茉莉綠茶(小)*1
☆便宜$67(+27=94)，還多了：香酥脆薯(小)*1

#4 總價: $118 -> 原味蛋撻*2、香酥脆薯(小)*1、合併炸烤雞*2、合併冷飲*1
[C4]*1 KFC點餐車道VIP加購小薯1份(每車限優惠1次) $10 -> 香酥脆薯(小)*1
[18041]*1 台灣中油公司開春如意108獨享餐 $108 -> 咔啦脆雞(中辣)*2、原味蛋撻*2、百事可樂(小)*1
☆便宜$64(+30=94)，還多了：原味蛋撻*1

#5 總價: $128 -> 原味蛋撻*1、經典玉米*1、香酥脆薯(小)*1、合併炸烤雞*2、合併冷飲*1
[C4]*1 KFC點餐車道VIP加購小薯1份(每車限優惠1次) $10 -> 香酥脆薯(小)*1
[17288]*1 愛買聖誕新年餐 $118 -> 咔啦脆雞(中辣)*2、原味蛋撻*1、經典玉米*1、百事可樂(小)*1
☆便宜$54(+29=83)，還多了：經典玉米*1

#6 總價: $129 -> 原味蛋撻*1、香酥脆薯(小)*1、合併炸烤雞*2、合併冷飲*1
[C4]*1 KFC點餐車道VIP加購小薯1份(每車限優惠1次) $10 -> 香酥脆薯(小)*1
[50024]*1 KFC優惠券 $89 -> 咔啦脆雞(中辣)*2、百事可樂(小)*1
[單點]*1 原味蛋撻 $30 -> 原味蛋撻*1
☆便宜$53

#7 總價: $129 -> 原味蛋撻*1、香酥脆薯(小)*1、合併炸烤雞*2、合併冷飲*1
[C3]*1 KFC點餐車道VIP加購原味蛋撻1顆(每車限優惠1次) $25 -> 原味蛋撻*1
[50024]*1 KFC優惠券+$15加購小薯 $104 -> 咔啦脆雞(中辣)*2、香酥脆薯(小)*1、百事可樂(小)*1
☆便宜$53

#8 總價: $130 -> 原味蛋撻*2、香酥脆薯(小)*1、合併炸烤雞*2、合併冷飲*1
[C3]*1 KFC點餐車道VIP加購原味蛋撻1顆(每車限優惠1次) $25 -> 原味蛋撻*1
[40043]*1 KFC優惠券 $105 -> 咔啦脆雞(中辣)*2、原味蛋撻*1、香酥脆薯(小)*1、冰無糖茉莉綠茶(小)*1
☆便宜$52(+30=82)，還多了：原味蛋撻*1

#9 總價: $130 -> 原味蛋撻*1、上校雞塊*1、香酥脆薯(小)*1、合併炸烤雞*2、合併冷飲*1
[C2]*1 KFC點餐車道VIP加購上校雞塊1份(每車限優惠1次) $25 -> 上校雞塊*1
[40043]*1 KFC優惠券 $105 -> 咔啦脆雞(中辣)*2、原味蛋撻*1、香酥脆薯(小)*1、冰無糖茉莉綠茶(小)*1
☆便宜$52(+12=64)，還多了：上校雞塊*1

#10 總價: $133 -> 原味蛋撻*1、香酥脆薯(小)*1、合併炸烤雞*2、合併冷飲*1
[套餐]*1 蛋撻點心盒餐 $55 -> 原味蛋撻*1、香酥脆薯(小)*1、百事可樂(小)*1
[C1]*1 KFC點餐車道VIP加購炸雞1塊(每車限優惠1次) $39 -> 咔啦脆雞(中辣)*1
[E1-3]*1 KFC加購炸雞優惠(需搭配桶餐或套餐) $39 -> 咔啦脆雞(中辣)*1
☆便宜$49

..為了加速，只看最便宜的 10 組，其他 61 組省略

計算時間3秒
已產生優惠券內容：kfc_coupon.txt
已產生結果網頁：output.html
