
Wed Dec 13 19:20:49 2017
kfc_coupon-20171213.csv

需求清單:
-------------------------
5*咔啦脆雞(中辣) (單點原價:$49)
2*原味蛋撻 (單點原價:$30)
-------------------------
單點總價: $305




#1. Total price: $247 -> 咔啦脆雞(中辣)*5、原味蛋撻*2、百事可樂(小)*2
[40064]*2 年終感恩FUN優惠 $99 -> 咔啦脆雞(中辣)*2、原味蛋撻*1、百事可樂(小)*1
[單點]*1 咔啦脆雞(中辣) $49 -> 咔啦脆雞(中辣)*1
☆便宜$58(+54=112)，還多了：百事可樂(小)*2

#2. Total price: $248 -> 咔啦脆雞(中辣)*5、原味蛋撻*2、百事可樂(小)*2
[50036]*1 KFC優惠券 $248 -> 咔啦脆雞(中辣)*5、原味蛋撻*2、百事可樂(小)*2
☆便宜$57(+54=111)，還多了：百事可樂(小)*2

#3. Total price: $252 -> 咔啦脆雞(中辣)*5、原味蛋撻*2、百事可樂(中)*2
[40054]*1 KFC優惠券 $199 -> 咔啦脆雞(中辣)*5、百事可樂(中)*2
[E1-5]*1 KFC優惠券 $53 -> 原味蛋撻*2
☆便宜$53(+64=117)，還多了：百事可樂(中)*2

#4. Total price: $252 -> 咔啦脆雞(中辣)*5、原味蛋撻*2
[無]*1 5塊雞桶餐 $199 -> 咔啦脆雞(中辣)*5
[E1-5]*1 KFC優惠券 $53 -> 原味蛋撻*2
☆便宜$53

#5. Total price: $253 -> 咔啦脆雞(中辣)*5、原味蛋撻*2、香酥脆薯(小)*1、百事可樂(小)*1、冰無糖茉莉綠茶(小)*1
[40043]*1 KFC優惠券 $105 -> 咔啦脆雞(中辣)*2、原味蛋撻*1、香酥脆薯(小)*1、冰無糖茉莉綠茶(小)*1
[40064]*1 年終感恩FUN優惠 $99 -> 咔啦脆雞(中辣)*2、原味蛋撻*1、百事可樂(小)*1
[單點]*1 咔啦脆雞(中辣) $49 -> 咔啦脆雞(中辣)*1
☆便宜$52(+81=133)，還多了：香酥脆薯(小)*1、百事可樂(小)*1、冰無糖茉莉綠茶(小)*1

#6. Total price: $259 -> 咔啦脆雞(中辣)*5、原味蛋撻*2、上校雞塊*4、冰紅茶(小)*2
[temp]*1 官網麻吉分享A餐 $259 -> 咔啦脆雞(中辣)*5、原味蛋撻*2、上校雞塊*4、冰紅茶(小)*2
☆便宜$46(+102=148)，還多了：上校雞塊*4、冰紅茶(小)*2

#7. Total price: $259 -> 咔啦脆雞(中辣)*5、原味蛋撻*2、上校雞塊*2、百事可樂(小)*1、冰紅茶(中)*1
[40064]*1 年終感恩FUN優惠 $99 -> 咔啦脆雞(中辣)*2、原味蛋撻*1、百事可樂(小)*1
[17364]*1 Goog Life1111光棍食嗑 我不孤單獨享餐 $111 -> 咔啦脆雞(中辣)*2、原味蛋撻*1、上校雞塊*2、冰紅茶(中)*1
[單點]*1 咔啦脆雞(中辣) $49 -> 咔啦脆雞(中辣)*1
☆便宜$46(+83=129)，還多了：上校雞塊*2、百事可樂(小)*1、冰紅茶(中)*1

#8. Total price: $259 -> 咔啦脆雞(中辣)*5、原味蛋撻*2、香酥脆薯(小)*2、冰無糖茉莉綠茶(小)*2
[40043]*2 KFC優惠券 $105 -> 咔啦脆雞(中辣)*2、原味蛋撻*1、香酥脆薯(小)*1、冰無糖茉莉綠茶(小)*1
[單點]*1 咔啦脆雞(中辣) $49 -> 咔啦脆雞(中辣)*1
☆便宜$46(+108=154)，還多了：香酥脆薯(小)*2、冰無糖茉莉綠茶(小)*2

#9. Total price: $259 -> 咔啦脆雞(中辣)*5、原味蛋撻*3、百事可樂(小)*3
[17346]*1 中國信託提款機優惠 $259 -> 咔啦脆雞(中辣)*5、原味蛋撻*3、百事可樂(小)*3
☆便宜$46(+111=157)，還多了：原味蛋撻*1、百事可樂(小)*3

#10. Total price: $259 -> 咔啦脆雞(中辣)*5、原味蛋撻*2
[無]*1 5塊雞桶餐 $199 -> 咔啦脆雞(中辣)*5
[單點]*2 原味蛋撻 $30 -> 原味蛋撻*1
☆便宜$46

..bypass the other 20 which are more than log_capacity(10).
Runtime: 3s
