
Wed Dec 13 19:24:10 2017
kfc_coupon-20171213.csv

需求清單:
-------------------------
8*咔啦脆雞(中辣) (單點原價:$49)
3*經典玉米 (單點原價:$29)
不要冰無糖茉莉綠茶(小)
-------------------------
單點總價: $479




#1. Total price: $386 -> 咔啦脆雞(中辣)*8、經典玉米*3
[40057]*1 KFC優惠券 $299 -> 咔啦脆雞(中辣)*8
[單點]*3 經典玉米 $29 -> 經典玉米*1
☆便宜$93

#2. Total price: $409 -> 咔啦脆雞(中辣)*8、經典玉米*3
[無]*1 8塊雞桶餐 $322 -> 咔啦脆雞(中辣)*8
[單點]*3 經典玉米 $29 -> 經典玉米*1
☆便宜$70

#3. Total price: $424 -> 咔啦脆雞(中辣)*8、原味蛋撻*1、經典玉米*3、百事可樂(中)*2、百事可樂(小)*1
[17288]*1 愛買聖誕新年餐 $118 -> 咔啦脆雞(中辣)*2、原味蛋撻*1、經典玉米*1、百事可樂(小)*1
[40054]*1 KFC優惠券 $199 -> 咔啦脆雞(中辣)*5、百事可樂(中)*2
[單點]*1 咔啦脆雞(中辣) $49 -> 咔啦脆雞(中辣)*1
[單點]*2 經典玉米 $29 -> 經典玉米*1
☆便宜$55(+121=176)，還多了：原味蛋撻*1、百事可樂(中)*2、百事可樂(小)*1

#4. Total price: $424 -> 咔啦脆雞(中辣)*8、經典玉米*3、百事可樂(中)*2、百事可樂(小)*1
[40054]*1 KFC優惠券 $199 -> 咔啦脆雞(中辣)*5、百事可樂(中)*2
[50024]*1 KFC優惠券 $89 -> 咔啦脆雞(中辣)*2、百事可樂(小)*1
[單點]*1 咔啦脆雞(中辣) $49 -> 咔啦脆雞(中辣)*1
[單點]*3 經典玉米 $29 -> 經典玉米*1
☆便宜$55(+91=146)，還多了：百事可樂(中)*2、百事可樂(小)*1

#5. Total price: $424 -> 咔啦脆雞(中辣)*8、經典玉米*3、百事可樂(小)*1
[無]*1 5塊雞桶餐 $199 -> 咔啦脆雞(中辣)*5
[50024]*1 KFC優惠券 $89 -> 咔啦脆雞(中辣)*2、百事可樂(小)*1
[單點]*1 咔啦脆雞(中辣) $49 -> 咔啦脆雞(中辣)*1
[單點]*3 經典玉米 $29 -> 經典玉米*1
☆便宜$55(+27=82)，還多了：百事可樂(小)*1

#6. Total price: $424 -> 咔啦脆雞(中辣)*8、原味蛋撻*1、經典玉米*3、百事可樂(小)*1
[無]*1 5塊雞桶餐 $199 -> 咔啦脆雞(中辣)*5
[17288]*1 愛買聖誕新年餐 $118 -> 咔啦脆雞(中辣)*2、原味蛋撻*1、經典玉米*1、百事可樂(小)*1
[單點]*1 咔啦脆雞(中辣) $49 -> 咔啦脆雞(中辣)*1
[單點]*2 經典玉米 $29 -> 經典玉米*1
☆便宜$55(+57=112)，還多了：原味蛋撻*1、百事可樂(小)*1

#7. Total price: $433 -> 咔啦脆雞(中辣)*8、經典玉米*3、百事可樂(中)*2
[40054]*1 KFC優惠券 $199 -> 咔啦脆雞(中辣)*5、百事可樂(中)*2
[單點]*3 咔啦脆雞(中辣) $49 -> 咔啦脆雞(中辣)*1
[單點]*3 經典玉米 $29 -> 經典玉米*1
☆便宜$46(+64=110)，還多了：百事可樂(中)*2

#8. Total price: $433 -> 咔啦脆雞(中辣)*8、經典玉米*3
[無]*1 5塊雞桶餐 $199 -> 咔啦脆雞(中辣)*5
[單點]*3 咔啦脆雞(中辣) $49 -> 咔啦脆雞(中辣)*1
[單點]*3 經典玉米 $29 -> 經典玉米*1
☆便宜$46

#9. Total price: $434 -> 咔啦脆雞(中辣)*8、原味蛋撻*1、經典玉米*3、百事可樂(中)*2、百事可樂(小)*1
[40054]*1 KFC優惠券 $199 -> 咔啦脆雞(中辣)*5、百事可樂(中)*2
[40064]*1 年終感恩FUN優惠 $99 -> 咔啦脆雞(中辣)*2、原味蛋撻*1、百事可樂(小)*1
[單點]*1 咔啦脆雞(中辣) $49 -> 咔啦脆雞(中辣)*1
[單點]*3 經典玉米 $29 -> 經典玉米*1
☆便宜$45(+121=166)，還多了：原味蛋撻*1、百事可樂(中)*2、百事可樂(小)*1

#10. Total price: $434 -> 咔啦脆雞(中辣)*8、原味蛋撻*1、經典玉米*3、百事可樂(小)*1
[無]*1 5塊雞桶餐 $199 -> 咔啦脆雞(中辣)*5
[40064]*1 年終感恩FUN優惠 $99 -> 咔啦脆雞(中辣)*2、原味蛋撻*1、百事可樂(小)*1
[單點]*1 咔啦脆雞(中辣) $49 -> 咔啦脆雞(中辣)*1
[單點]*3 經典玉米 $29 -> 經典玉米*1
☆便宜$45(+57=102)，還多了：原味蛋撻*1、百事可樂(小)*1

..bypass the other 22 which are more than log_capacity(10).
Runtime: 7s
