
用法： perl CPKing_KFC.pl [需求表。沒提供的話直接用req.txt]
例子1：perl CPKing_KFC.pl
例子2：perl CPKing_KFC.pl req.txt
例子3：perl CPKing_KFC.pl req_8_3.txt

日期時間：Sun Mar  4 20:53:37 2018
價格資料表版本：201803040

需求清單: (需求表檔名：req_driveway.txt)
-------------------------
2*咔啦脆雞(中辣) (單價:$49)
2*原味蛋撻 (單價:$30)
-------------------------
單點總價: $158


經由KFC點餐車道



#1 總價: $108 -> 咔啦脆雞(中辣)*2、原味蛋撻*2、百事可樂(小)*1
[18041]*1 台灣中油公司開春如意108獨享餐 $108 -> 咔啦脆雞(中辣)*2、原味蛋撻*2、百事可樂(小)*1
☆便宜$50(+27=77)，還多了：百事可樂(小)*1

#2 總價: $118 -> 咔啦脆雞(中辣)*2、原味蛋撻*2、香酥脆薯(小)*1、百事可樂(小)*1
[C4]*1 KFC點餐車道VIP加購小薯1份(每趟優惠1次) $10 -> 香酥脆薯(小)*1
[18041]*1 台灣中油公司開春如意108獨享餐 $108 -> 咔啦脆雞(中辣)*2、原味蛋撻*2、百事可樂(小)*1
☆便宜$40(+54=94)，還多了：香酥脆薯(小)*1、百事可樂(小)*1

#3 總價: $125 -> 咔啦脆雞(中辣)*2、原味蛋撻*2、冰紅茶(小)*1
[C3]*1 KFC點餐車道VIP加購原味蛋撻1顆(每趟優惠1次) $25 -> 原味蛋撻*1
[17397]*1 新春開運獨享餐(選脆雞) $100 -> 咔啦脆雞(中辣)*2、原味蛋撻*1、冰紅茶(小)*1
☆便宜$33(+27=60)，還多了：冰紅茶(小)*1

#4 總價: $130 -> 咔啦脆雞(中辣)*2、原味蛋撻*2、香酥脆薯(小)*1、冰無糖茉莉綠茶(小)*1
[C3]*1 KFC點餐車道VIP加購原味蛋撻1顆(每趟優惠1次) $25 -> 原味蛋撻*1
[40043]*1 KFC優惠券 $105 -> 咔啦脆雞(中辣)*2、原味蛋撻*1、香酥脆薯(小)*1、冰無糖茉莉綠茶(小)*1
☆便宜$28(+54=82)，還多了：香酥脆薯(小)*1、冰無糖茉莉綠茶(小)*1

#5 總價: $130 -> 咔啦脆雞(中辣)*2、原味蛋撻*2、冰紅茶(小)*1
[17397]*1 新春開運獨享餐(選脆雞) $100 -> 咔啦脆雞(中辣)*2、原味蛋撻*1、冰紅茶(小)*1
[單點]*1 原味蛋撻 $30 -> 原味蛋撻*1
☆便宜$28(+27=55)，還多了：冰紅茶(小)*1

#6 總價: $133 -> 咔啦脆雞(中辣)*2、原味蛋撻*3、百事可樂(小)*1
[C3]*1 KFC點餐車道VIP加購原味蛋撻1顆(每趟優惠1次) $25 -> 原味蛋撻*1
[18041]*1 台灣中油公司開春如意108獨享餐 $108 -> 咔啦脆雞(中辣)*2、原味蛋撻*2、百事可樂(小)*1
☆便宜$25(+57=82)，還多了：原味蛋撻*1、百事可樂(小)*1

#7 總價: $133 -> 咔啦脆雞(中辣)*2、原味蛋撻*2、香酥脆薯(小)*1、冰紅茶(小)*1
[C3]*1 KFC點餐車道VIP加購原味蛋撻1顆(每趟優惠1次) $25 -> 原味蛋撻*1
[18017]*1 普獎專區 $108 -> 咔啦脆雞(中辣)*2、原味蛋撻*1、香酥脆薯(小)*1、冰紅茶(小)*1
☆便宜$25(+54=79)，還多了：香酥脆薯(小)*1、冰紅茶(小)*1

#8 總價: $133 -> 咔啦脆雞(中辣)*2、原味蛋撻*2、上校雞塊*1、百事可樂(小)*1
[C2]*1 KFC點餐車道VIP加購上校雞塊1份(每趟優惠1次) $25 -> 上校雞塊*1
[18041]*1 台灣中油公司開春如意108獨享餐 $108 -> 咔啦脆雞(中辣)*2、原味蛋撻*2、百事可樂(小)*1
☆便宜$25(+39=64)，還多了：上校雞塊*1、百事可樂(小)*1

#9 總價: $135 -> 咔啦脆雞(中辣)*2、原味蛋撻*2、香酥脆薯(小)*1、冰無糖茉莉綠茶(小)*1
[40043]*1 KFC優惠券 $105 -> 咔啦脆雞(中辣)*2、原味蛋撻*1、香酥脆薯(小)*1、冰無糖茉莉綠茶(小)*1
[單點]*1 原味蛋撻 $30 -> 原味蛋撻*1
☆便宜$23(+54=77)，還多了：香酥脆薯(小)*1、冰無糖茉莉綠茶(小)*1

#10 總價: $138 -> 咔啦脆雞(中辣)*2、原味蛋撻*2、香酥脆薯(小)*1、冰紅茶(小)*1
[18017]*1 普獎專區 $108 -> 咔啦脆雞(中辣)*2、原味蛋撻*1、香酥脆薯(小)*1、冰紅茶(小)*1
[單點]*1 原味蛋撻 $30 -> 原味蛋撻*1
☆便宜$20(+54=74)，還多了：香酥脆薯(小)*1、冰紅茶(小)*1

..為了加速，只看最便宜的 10 組，其他 11 組省略

計算時間1秒
已產生優惠券內容：kfc_coupon.txt
已產生結果網頁：output.html
