
用法： perl CPKing_KFC.pl [需求表。沒提供的話直接用req.txt]
例子1：perl CPKing_KFC.pl
例子2：perl CPKing_KFC.pl req.txt
例子3：perl CPKing_KFC.pl req_8_3.txt

日期時間：Sun Dec 24 13:05:41 2017
價格資料表版本：201712240

需求清單: (需求表檔名：req_5_2x.txt)
-------------------------
5*咔啦脆雞(中辣) (單價:$49)
2*原味蛋撻 (單價:$30)
不要冰無糖茉莉綠茶(小)
-------------------------
單點總價: $305





#1 總價: $248 -> 咔啦脆雞(中辣)*5、原味蛋撻*2、百事可樂(小)*2
[50036]*1 KFC優惠券 $248 -> 咔啦脆雞(中辣)*5、原味蛋撻*2、百事可樂(小)*2
☆便宜$57(+54=111)，還多了：百事可樂(小)*2

#2 總價: $249 -> 咔啦脆雞(中辣)*5、原味蛋撻*2、冰紅茶(小)*2
[17397]*2 聖誕跨年YA獨享餐(選咔啦脆雞*2) $100 -> 咔啦脆雞(中辣)*2、原味蛋撻*1、冰紅茶(小)*1
[單點]*1 咔啦脆雞(中辣) $49 -> 咔啦脆雞(中辣)*1
☆便宜$56(+54=110)，還多了：冰紅茶(小)*2

#3 總價: $252 -> 咔啦脆雞(中辣)*5、原味蛋撻*2、百事可樂(中)*2
[40054]*1 KFC優惠券 $199 -> 咔啦脆雞(中辣)*5、百事可樂(中)*2
[E1-5]*1 KFC優惠券 $53 -> 原味蛋撻*2
☆便宜$53(+64=117)，還多了：百事可樂(中)*2

#4 總價: $252 -> 咔啦脆雞(中辣)*5、原味蛋撻*2
[套餐]*1 5塊雞桶餐 $199 -> 咔啦脆雞(中辣)*5
[E1-5]*1 KFC優惠券 $53 -> 原味蛋撻*2
☆便宜$53

#5 總價: $259 -> 咔啦脆雞(中辣)*5、原味蛋撻*3、百事可樂(小)*3
[17346]*1 中國信託提款機優惠 $259 -> 咔啦脆雞(中辣)*5、原味蛋撻*3、百事可樂(小)*3
☆便宜$46(+111=157)，還多了：原味蛋撻*1、百事可樂(小)*3

#6 總價: $259 -> 咔啦脆雞(中辣)*5、原味蛋撻*2、百事可樂(中)*2
[40054]*1 KFC優惠券 $199 -> 咔啦脆雞(中辣)*5、百事可樂(中)*2
[單點]*2 原味蛋撻 $30 -> 原味蛋撻*1
☆便宜$46(+64=110)，還多了：百事可樂(中)*2

#7 總價: $259 -> 咔啦脆雞(中辣)*5、原味蛋撻*2
[套餐]*1 5塊雞桶餐 $199 -> 咔啦脆雞(中辣)*5
[單點]*2 原味蛋撻 $30 -> 原味蛋撻*1
☆便宜$46

#8 總價: $267 -> 咔啦脆雞(中辣)*5、原味蛋撻*2、經典玉米*1、百事可樂(小)*1、冰紅茶(小)*1
[17288]*1 愛買聖誕新年餐 $118 -> 咔啦脆雞(中辣)*2、原味蛋撻*1、經典玉米*1、百事可樂(小)*1
[17397]*1 聖誕跨年YA獨享餐(選咔啦脆雞*2) $100 -> 咔啦脆雞(中辣)*2、原味蛋撻*1、冰紅茶(小)*1
[單點]*1 咔啦脆雞(中辣) $49 -> 咔啦脆雞(中辣)*1
☆便宜$38(+83=121)，還多了：經典玉米*1、百事可樂(小)*1、冰紅茶(小)*1

#9 總價: $268 -> 咔啦脆雞(中辣)*5、原味蛋撻*2、百事可樂(中)*2、熱義式咖啡(大)*1
[40054]*1 KFC優惠券 $199 -> 咔啦脆雞(中辣)*5、百事可樂(中)*2
[E1-2]*1 KFC優惠券 $69 -> 原味蛋撻*2、熱義式咖啡(大)*1
☆便宜$37(+109=146)，還多了：百事可樂(中)*2、熱義式咖啡(大)*1

#10 總價: $268 -> 咔啦脆雞(中辣)*5、原味蛋撻*2、百事可樂(小)*1、冰紅茶(小)*1
[17397]*1 聖誕跨年YA獨享餐(選咔啦脆雞*2) $100 -> 咔啦脆雞(中辣)*2、原味蛋撻*1、冰紅茶(小)*1
[50024]*1 KFC優惠券 $89 -> 咔啦脆雞(中辣)*2、百事可樂(小)*1
[單點]*1 咔啦脆雞(中辣) $49 -> 咔啦脆雞(中辣)*1
[單點]*1 原味蛋撻 $30 -> 原味蛋撻*1
☆便宜$37(+54=91)，還多了：百事可樂(小)*1、冰紅茶(小)*1

..為了加速，只看最便宜的 10 組，其他 15 組省略

計算時間2秒
已產生優惠券內容：kfc_coupon.txt
已產生結果網頁：output.html
