
用法： perl CPKing_KFC.pl [需求表。沒提供的話直接用req.txt]
例子1：perl CPKing_KFC.pl
例子2：perl CPKing_KFC.pl req.txt
例子3：perl CPKing_KFC.pl req_8_3.txt

日期時間：Sun Dec 24 13:05:43 2017
價格資料表版本：201712240

需求清單: (需求表檔名：req_8_3.txt)
-------------------------
8*咔啦脆雞(中辣) (單價:$49)
3*經典玉米 (單價:$29)
-------------------------
單點總價: $479





#1 總價: $386 -> 咔啦脆雞(中辣)*8、經典玉米*3
[40057]*1 KFC優惠券 $299 -> 咔啦脆雞(中辣)*8
[單點]*3 經典玉米 $29 -> 經典玉米*1
☆便宜$93

#2 總價: $409 -> 咔啦脆雞(中辣)*8、經典玉米*3
[套餐]*1 8塊雞桶餐 $322 -> 咔啦脆雞(中辣)*8
[單點]*3 經典玉米 $29 -> 經典玉米*1
☆便宜$70

#3 總價: $424 -> 咔啦脆雞(中辣)*8、原味蛋撻*1、經典玉米*3、百事可樂(中)*2、百事可樂(小)*1
[17288]*1 愛買聖誕新年餐 $118 -> 咔啦脆雞(中辣)*2、原味蛋撻*1、經典玉米*1、百事可樂(小)*1
[40054]*1 KFC優惠券 $199 -> 咔啦脆雞(中辣)*5、百事可樂(中)*2
[單點]*1 咔啦脆雞(中辣) $49 -> 咔啦脆雞(中辣)*1
[單點]*2 經典玉米 $29 -> 經典玉米*1
☆便宜$55(+121=176)，還多了：原味蛋撻*1、百事可樂(中)*2、百事可樂(小)*1

#4 總價: $424 -> 咔啦脆雞(中辣)*8、經典玉米*3、百事可樂(中)*2、百事可樂(小)*1
[40054]*1 KFC優惠券 $199 -> 咔啦脆雞(中辣)*5、百事可樂(中)*2
[50024]*1 KFC優惠券 $89 -> 咔啦脆雞(中辣)*2、百事可樂(小)*1
[單點]*1 咔啦脆雞(中辣) $49 -> 咔啦脆雞(中辣)*1
[單點]*3 經典玉米 $29 -> 經典玉米*1
☆便宜$55(+91=146)，還多了：百事可樂(中)*2、百事可樂(小)*1

#5 總價: $424 -> 咔啦脆雞(中辣)*8、原味蛋撻*1、經典玉米*3、百事可樂(小)*1
[套餐]*1 5塊雞桶餐 $199 -> 咔啦脆雞(中辣)*5
[17288]*1 愛買聖誕新年餐 $118 -> 咔啦脆雞(中辣)*2、原味蛋撻*1、經典玉米*1、百事可樂(小)*1
[單點]*1 咔啦脆雞(中辣) $49 -> 咔啦脆雞(中辣)*1
[單點]*2 經典玉米 $29 -> 經典玉米*1
☆便宜$55(+57=112)，還多了：原味蛋撻*1、百事可樂(小)*1

#6 總價: $424 -> 咔啦脆雞(中辣)*8、經典玉米*3、百事可樂(小)*1
[套餐]*1 5塊雞桶餐 $199 -> 咔啦脆雞(中辣)*5
[50024]*1 KFC優惠券 $89 -> 咔啦脆雞(中辣)*2、百事可樂(小)*1
[單點]*1 咔啦脆雞(中辣) $49 -> 咔啦脆雞(中辣)*1
[單點]*3 經典玉米 $29 -> 經典玉米*1
☆便宜$55(+27=82)，還多了：百事可樂(小)*1

#7 總價: $433 -> 咔啦脆雞(中辣)*8、經典玉米*3、百事可樂(中)*2
[40054]*1 KFC優惠券 $199 -> 咔啦脆雞(中辣)*5、百事可樂(中)*2
[單點]*3 咔啦脆雞(中辣) $49 -> 咔啦脆雞(中辣)*1
[單點]*3 經典玉米 $29 -> 經典玉米*1
☆便宜$46(+64=110)，還多了：百事可樂(中)*2

#8 總價: $433 -> 咔啦脆雞(中辣)*8、經典玉米*3
[套餐]*1 5塊雞桶餐 $199 -> 咔啦脆雞(中辣)*5
[單點]*3 咔啦脆雞(中辣) $49 -> 咔啦脆雞(中辣)*1
[單點]*3 經典玉米 $29 -> 經典玉米*1
☆便宜$46

#9 總價: $435 -> 咔啦脆雞(中辣)*8、原味蛋撻*1、經典玉米*3、百事可樂(中)*2、冰紅茶(小)*1
[17397]*1 聖誕跨年YA獨享餐(選咔啦脆雞*2) $100 -> 咔啦脆雞(中辣)*2、原味蛋撻*1、冰紅茶(小)*1
[40054]*1 KFC優惠券 $199 -> 咔啦脆雞(中辣)*5、百事可樂(中)*2
[單點]*1 咔啦脆雞(中辣) $49 -> 咔啦脆雞(中辣)*1
[單點]*3 經典玉米 $29 -> 經典玉米*1
☆便宜$44(+121=165)，還多了：原味蛋撻*1、百事可樂(中)*2、冰紅茶(小)*1

#10 總價: $435 -> 咔啦脆雞(中辣)*8、原味蛋撻*1、經典玉米*3、冰紅茶(小)*1
[套餐]*1 5塊雞桶餐 $199 -> 咔啦脆雞(中辣)*5
[17397]*1 聖誕跨年YA獨享餐(選咔啦脆雞*2) $100 -> 咔啦脆雞(中辣)*2、原味蛋撻*1、冰紅茶(小)*1
[單點]*1 咔啦脆雞(中辣) $49 -> 咔啦脆雞(中辣)*1
[單點]*3 經典玉米 $29 -> 經典玉米*1
☆便宜$44(+57=101)，還多了：原味蛋撻*1、冰紅茶(小)*1

..為了加速，只看最便宜的 10 組，其他 18 組省略

計算時間8秒
已產生優惠券內容：kfc_coupon.txt
已產生結果網頁：output.html
